<?xml version="1.0" encoding="UTF-8"?>
<testng-results ignored="0" total="1" passed="1" failed="0" skipped="0">
  <reporter-output>
  </reporter-output>
  <suite started-at="2024-07-31T15:39:23 IST" name="Default suite" finished-at="2024-07-31T15:39:38 IST" duration-ms="14733">
    <groups>
    </groups>
    <test started-at="2024-07-31T15:39:23 IST" name="Default test" finished-at="2024-07-31T15:39:38 IST" duration-ms="14733">
      <class name="com.ra.auth.OAuth2">
        <test-method signature="oAuth2()[pri:0, instance:com.ra.auth.OAuth2@3daa422a]" started-at="2024-07-31T15:39:23 IST" name="oAuth2" finished-at="2024-07-31T15:39:38 IST" duration-ms="14676" status="PASS">
          <reporter-output>
          </reporter-output>
        </test-method> <!-- oAuth2 -->
      </class> <!-- com.ra.auth.OAuth2 -->
    </test> <!-- Default test -->
  </suite> <!-- Default suite -->
</testng-results>
